[18:19:17] [main/INFO]: Setting user: Player565
[18:19:19] [Client thread/INFO]: LWJGL Version: 2.9.1
[18:19:29] [Client thread/INFO]: Reloading ResourceManager: Default, FMLFileResourcePack:Forge Mod Loader, FMLFileResourcePack:Minecraft Forge, FMLFileResourcePack:QuasarCraft
[18:19:31] [Sound Library Loader/INFO]: Sound engine started
[18:19:33] [Client thread/INFO]: Created: 512x256 textures/blocks-atlas
[18:19:33] [Client thread/INFO]: Created: 512x256 textures/items-atlas
[18:19:34] [Client thread/INFO]: Reloading ResourceManager: Default, FMLFileResourcePack:Forge Mod Loader, FMLFileResourcePack:Minecraft Forge, FMLFileResourcePack:QuasarCraft
[18:19:34] [Client thread/INFO]: Created: 512x256 textures/blocks-atlas
[18:19:34] [Client thread/INFO]: Created: 512x256 textures/items-atlas
[18:19:35] [Sound Library Loader/INFO]: Sound engine started
[18:19:42] [Server thread/INFO]: Starting integrated minecraft server version 1.7.10
[18:19:42] [Server thread/INFO]: Generating keypair
[18:19:43] [Server thread/INFO]: Preparing start region for level 0
[18:19:44] [Server thread/INFO]: Preparing spawn area: 75%
[18:19:44] [Server thread/INFO]: Changing view distance to 5, from 10
[18:19:47] [Server thread/INFO]: Stopping server
[18:19:47] [Server thread/INFO]: Saving players
[18:19:47] [Server thread/INFO]: Saving worlds
[18:19:47] [Server thread/INFO]: Saving chunks for level 'VeritasTester'/Overworld
[18:19:47] [Server thread/INFO]: Saving chunks for level 'VeritasTester'/Nether
[18:19:47] [Server thread/INFO]: Saving chunks for level 'VeritasTester'/The End
[18:19:48] [Server thread/INFO]: Starting integrated minecraft server version 1.7.10
[18:19:48] [Server thread/INFO]: Generating keypair
[18:19:48] [Server thread/INFO]: Preparing start region for level 0
[18:19:48] [Server thread/INFO]: Changing view distance to 5, from 10
[18:19:49] [Server thread/INFO]: Player565[local:E:6495c18c] logged in with entity id 2506 at (-317.5, 58.0, -95.5)
[18:19:49] [Server thread/INFO]: Player565 joined the game
[18:19:49] [Server thread/INFO]: Saving and pausing game...
[18:19:49] [Server thread/INFO]: Saving chunks for level 'VeritasTester'/Overworld
[18:19:50] [Server thread/INFO]: Saving chunks for level 'VeritasTester'/Nether
[18:19:50] [Server thread/INFO]: Saving chunks for level 'VeritasTester'/The End
[18:19:52] [Server thread/INFO]: Player565 has just earned the achievement [Taking Inventory]
[18:19:52] [Client thread/INFO]: [CHAT] Player565 has just earned the achievement [Taking Inventory]
[18:24:51] [Server thread/INFO]: [Player565: Set the time to 0]
[18:24:51] [Client thread/INFO]: [CHAT] Set the time to 0
